<?xml version="1.0" encoding="UTF-8"?>
<testsuite name="CaesarCipherTest" tests="2" skipped="0" failures="0" errors="0" timestamp="2018-10-25T20:01:34" hostname="LAPTOP-D6HJUEBE" time="0.073">
  <properties/>
  <testcase name="testWrongArguments" classname="CaesarCipherTest" time="0.01"/>
  <testcase name="testSolution" classname="CaesarCipherTest" time="0.063"/>
  <system-out><![CDATA[]]></system-out>
  <system-err><![CDATA[]]></system-err>
</testsuite>
